<mxfile host="Chrome" modified="2021-04-27T12:35:33.389Z" agent="5.0 (X11; Linux x86_64) AppleWebKit/537.36 (KHTML, like Gecko) Chrome/90.0.4430.85 Safari/537.36" etag="nT5gPfUwpCQrXGIHA6rP" version="14.6.5" type="device"><diagram id="RCusqjx_xYJcoAcSKzop" name="PÃ¡gina-1">7Rzbcto49GuY6T7AWL77kZCm3d1skyad3bYvO8IW4MRYri1C2K9fyZaNJcvcYgidhmEmPse6nvs5EukZo/nzhxQms79wgKKergXPPeOyp+s6cBz6h2FWBcY1QYGYpmFQoGqI+/A/JCIXYYAyAUUwjkiYiEgfxzHyiYCDaYqXYrMJjsRJEzhFDcS9D6Mm9p8wIDO+Cd1Z4z+icDorZwa2V7yZw7KxViCyGQzwsoYy3veMUYoxKZ7mzyMUMdqVZCn6XbW8rRaWopjs0kEvOjzBaMH39g5G0W8UNYYZxQxnMLtPoI8o5h0YDD79xtdNViUxUEBpw0Gckhme4hhG79fYixQv4gCxGTUKrdtcY5xQJKDIB0TIivMZLgimqBmZR/wteg7J19rzNzbUQLc4ePnMh86BFQeapODUyfAi9fniDS49MJ0i3sosUGxbtW6cfB8QniOSrmiDFEWQhE+iSEAuWdOqXdX1Fod0IbrGlcAoZYKrAHB0cYhimbxXnYXSQJZrCgMZuisOVGyuMRB9qO1njcolRC0tRkNauJRcLMIoCONpQzhE1i9nIUGFOBmXS2oaRDa3cuwJpQQ9b+QGf+s6Ai08vuLlWktB2WRW01BTa2efQK8NxDHbiMP155UpY0qkMWzQpE1plrqmjdWgTU+3IzrBRRA+0ccpyTdZoMYlIqcfR9IZKjylKVsjIUn+dMXe0aaDGM5Rxmg48PG8x6S16quYZtPMmMxQmg+umF2aOm/bOvc4lSfZfzVj5g12Wgtt+eK9Z1TKJuY4Cqatk9pwzgQ0HmeFnNZWsO69NyEkBaGuMWGPMSZou4aMof84zXXqZkGiMEYcH8D08Yb2CknuFwaa1Y06Ac0S1MnU3IY66Z5CnYDWgT79eWkNg/sx/iMM7Phe//F5mcz7hylZ4FPe+SmCBLdLvMjwq0W+mE9U5F+gYku6uSEleBbi+Pd4gttFnHJtAA6fKd8hCQkTrLYpvqB5Qt05C3NuYoIjPF3tKaYB9hfzXJ62imph+a/HJSKCYxRdVAI8otOn+eDGJP8wpSQpfkS1N1r+oW8mOCY8cAI6h1XtsqINDZsM8WN2pBC6MRBVwjL0pkpYRlMlvA40Qr9z7x6c7Gn8NfH+eHCnHx+Gn/uewifnthQGQYqyjAe1oBnU7uWdsxgmX3ARYBWYhD3nu7Eu6DcX35HWs+jQoxzWJdiQYFOCLQm2JdiRYFeCPRFmEF2TCBsSbEmwI8FebXy2PyDtD0j7A9L+gLQ/IO0PSPsD0v6AtL81DKT9AWl/QNofkPYH1vuj32MEpsA4YWT6z+jix8PDJfp99eXeC7/fjBz7se8qvIWc2cXBkGXLFPIjmGWhL6VlcZmauxSCqc+h3NzQrIOUvTGdpcRdhVHZP4DZLNex9hyvgxRvo2U4JPGrscxSOPgS99L8sEzjuMTohicOsWt+aJYLKgeSzW1LfkiZB1e1ZtymtS/Yk+axhdIDfShGPDT5VEqxt0vMU5U0ctuPxw/IJ7cpTqjy7urlmVBcMzctagCMwmnM1IMKIEsYLphBCH0YDfmLeRgERQ0EUQcMx1GpH6KHUBuZjXorW56q2sUn6dULSiqL1KcW0gO6wLM+6ER2+1IFAk8mGXpp8UFJDQAaAsCz7mbe8REvstfPw/vAAaKeWE7TFdhHSsTVRGxWATf5Aqo4sUgWRczpeYWD4OZea5h7wXeI3qIYv+4tKo/S6m9aOXMm5rwPTKne50rs3NWeA2mcMsruvtynFpZmEbDKDyMhW4zWaZ6PaXqFWHp0M6nei7ml2u5SpSLHM7ltudIOCdmO1rpSrS7MtaGX5yYvjS3MAXBOZqJ38tHbZehqEfskZOcGNd+9QZLEmsXO5YMiSGDkJYsANb3IjgFDOsPz8SI7jUsxpGKUBRTFKJVxc6wjuRRFNfwgpl9CAskqQSdgefkiS2BcvpHFgBU4a69/BlmwbfOVZcFsFiZ5jJZHZBpoEmyfmCwvgPG+ZhcUNMU8hlXIGvHZsQ5K1AS0NxOwGa29LgGBFKKYwNqNgnKK2x0F96t2HCHCLcsbZQ2js/LGRpWrlzc25k9nEyVbYkJqlvXifaPkvu54A636AE06/XSlcY8cNZvKIKjV+aXBhJ1ZUMf3S0XLZpfFjZdHy1VRxB1IOdbxomVLlV69jqWqrNO3unFSWirK1nRVdCpu5TD4WzU8Bdb9cqgDE2f/pCbOliyRJxXLdrZwoCRBOZJ5WptmKWP8N5vWotC/hE27u0RX17f3s0+u8ffq6206GfmLPmhGXzGddJjvgVqhhn07wY3CtcHay16pw7hDbyLWbZeacmrbtYN5BMe5tdg3dNF86Y59oPmyth1wHdt8NdPSOSRnm1QZjmTtdQ6/WlJVnlu8YqhSaXFdh2sqvUWLOz9r3ihoP12kotuiyOmaeaCun1cyZqmqAW+BS5t6/xKBi5oEzaydxRfcQxjn5iFM0aGqrqQezUP43r9edrOceF/uvi/BDGlg9vfON1LP6uQHx9Of6OjHcqVaq3PCo5+NMauC60zkBVrZPxa4fNEvbqiyq/3ASZ4LevP3Fa3f672h23OtGiuKQdvu7URRmLBS+TZewCwpfik2CZ+ZBgv3ap2umGWIzAJu8xagoVLQDk4W1LzSG7zKM7MRu+73wnOZt1uxb7dit5+1lb96KzXCUvgs7aQq0SzArlXihUnhm0q8qcTeKqGrwrjTqoSq0HvSRF+866dK38vnbecT+xUKWvlZT/o3RkHbS3zc3pxL0m/ZYhYBLOmm2O4FPlP8YTLQjpbmqymrSj/OTGw3H6udQvz0MxM/INacgCHlKTuLn2xHPals0J302d7j/XCY4Vt9dOF+uJxe9z/fKXPf7oVPvkZd/5VgjNmvYM//ZrQtmQlw4ImCfDLR1XECBdf/kKNovv6vJsb7/wE=</diagram></mxfile>